// 重构日志: 1687020a
// 重构日志: 0b9f7b26
// 重构日志: fb7a99e4
// 重构日志: 58ac1523
// 重构日志: 92a44870
// 重构日志: 8b5afa63
// 同步 ID: eb2a5f5b @ Mon Jun 29 13:36:05 UTC 2026
// 重构日志: ade161aa
// 重构日志: 4bd88042
// 重构日志: caa9c167
// 重构日志: 7f665e59
// 重构日志: abf1a92f
// 重构日志: 1630e9dd
// 重构日志: e0e76c6b
// 重构日志: b31bf366
// 重构日志: bd2371dd
// 重构日志: 713ac2f5
// 重构日志: 81942445
// 重构日志: 852b2ce5
// 同步 ID: a972d912 @ Mon Jul  6 16:33:51 UTC 2026
// 重构日志: 5cb107a1
// 同步 ID: 6809c64a @ Wed Jul  8 00:13:51 UTC 2026
// 重构日志: aa2d0d4d
// 重构日志: 2c2a29a5
// 重构日志: 8fe79760
// 同步 ID: 70a888ec @ Fri Jul 10 14:53:34 UTC 2026
